<?xml version="1.0" encoding="UTF-8"?>
<!-- Generated by org.testng.reporters.JUnitReportReporter -->
<testsuite hostname="DESKTOP-HPAH8SE" failures="0" tests="1" name="mavenpractice.Parameters" time="15.271" errors="0" timestamp="2023-05-08T16:52:56 IST" skipped="0">
  <testcase classname="mavenpractice.Parameters" name="m1" time="15.271"/>
  <system-out/>
</testsuite> <!-- mavenpractice.Parameters -->
